<?xml version="1.0" encoding="UTF-8"?>
<!-- Generated by org.testng.reporters.JUnitReportReporter -->
<testsuite hostname="DESKTOP-I73KJAS" failures="0" tests="6" name="api.test.DDtests" time="10.854" errors="0" timestamp="2024-12-28T16:41:52 IST" skipped="0">
  <testcase classname="api.test.DDtests" name="testPostUser" time="1.370"/>
  <testcase classname="api.test.DDtests" name="testPostUser" time="1.428"/>
  <testcase classname="api.test.DDtests" name="testPostUser" time="3.673"/>
  <testcase classname="api.test.DDtests" name="testDeleteUser" time="1.426"/>
  <testcase classname="api.test.DDtests" name="testDeleteUser" time="1.427"/>
  <testcase classname="api.test.DDtests" name="testDeleteUser" time="1.530"/>
</testsuite> <!-- api.test.DDtests -->
