<?xml version="1.0" encoding="UTF-8"?>
<!-- Generated by org.testng.reporters.JUnitReportReporter -->
<testsuite hostname="DESKTOP-I73KJAS" failures="0" tests="4" name="api.test.UserTests" time="7.989" errors="0" timestamp="2024-12-28T17:30:46 IST" skipped="0">
  <testcase classname="api.test.UserTests" name="testPostUser" time="3.469"/>
  <testcase classname="api.test.UserTests" name="testGetUser" time="1.465"/>
  <testcase classname="api.test.UserTests" name="updateUser" time="1.527"/>
  <testcase classname="api.test.UserTests" name="testDeleteUser" time="1.528"/>
</testsuite> <!-- api.test.UserTests -->
